<?xml version="1.0" encoding="UTF-8"?>
<coverage generated="1642074645661" clover="3.2.0">
  <project timestamp="1642074645661" name="All files">
    <metrics statements="29" coveredstatements="29" conditionals="0" coveredconditionals="0" methods="2" coveredmethods="2" elements="31" coveredelements="31" complexity="0" loc="29" ncloc="29" packages="1" files="1" classes="1"/>
    <file name="populateDB.js" path="C:\Users\b.antwi-agyei\OneDrive - Playtech\Documents\SQL-BCW2\populateDB.js">
      <metrics statements="29" coveredstatements="29" conditionals="0" coveredconditionals="0" methods="2" coveredmethods="2"/>
      <line num="1" count="1" type="stmt"/>
      <line num="2" count="1" type="stmt"/>
      <line num="5" count="1" type="stmt"/>
      <line num="9" count="3" type="stmt"/>
      <line num="11" count="3" type="stmt"/>
      <line num="13" count="3" type="stmt"/>
      <line num="14" count="3" type="stmt"/>
      <line num="17" count="3" type="stmt"/>
      <line num="20" count="3" type="stmt"/>
      <line num="22" count="24" type="stmt"/>
      <line num="26" count="24" type="stmt"/>
      <line num="27" count="24" type="stmt"/>
      <line num="28" count="24" type="stmt"/>
      <line num="32" count="24" type="stmt"/>
      <line num="36" count="24" type="stmt"/>
      <line num="37" count="54" type="stmt"/>
      <line num="39" count="54" type="stmt"/>
      <line num="40" count="54" type="stmt"/>
      <line num="41" count="54" type="stmt"/>
      <line num="46" count="54" type="stmt"/>
      <line num="50" count="54" type="stmt"/>
      <line num="51" count="252" type="stmt"/>
      <line num="53" count="252" type="stmt"/>
      <line num="54" count="252" type="stmt"/>
      <line num="55" count="252" type="stmt"/>
      <line num="59" count="252" type="stmt"/>
      <line num="67" count="3" type="stmt"/>
      <line num="71" count="1" type="stmt"/>
      <line num="72" count="1" type="stmt"/>
    </file>
  </project>
</coverage>
