{"C:\\Users\\b.antwi-agyei\\OneDrive - Playtech\\Documents\\SQL-BCW2\\populateDB.js": {"path":"C:\\Users\\b.antwi-agyei\\OneDrive - Playtech\\Documents\\SQL-BCW2\\populateDB.js","statementMap":{"0":{"start":{"line":1,"column":16},"end":{"line":1,"column":44}},"1":{"start":{"line":2,"column":12},"end":{"line":2,"column":34}},"2":{"start":{"line":5,"column":11},"end":{"line":5,"column":55}},"3":{"start":{"line":9,"column":4},"end":{"line":68,"column":5}},"4":{"start":{"line":11,"column":9},"end":{"line":11,"column":37}},"5":{"start":{"line":13,"column":23},"end":{"line":13,"column":56}},"6":{"start":{"line":14,"column":34},"end":{"line":14,"column":60}},"7":{"start":{"line":17,"column":8},"end":{"line":64,"column":11}},"8":{"start":{"line":20,"column":12},"end":{"line":63,"column":13}},"9":{"start":{"line":20,"column":25},"end":{"line":20,"column":26}},"10":{"start":{"line":22,"column":42},"end":{"line":22,"column":61}},"11":{"start":{"line":26,"column":16},"end":{"line":33,"column":17}},"12":{"start":{"line":27,"column":20},"end":{"line":27,"column":98}},"13":{"start":{"line":28,"column":20},"end":{"line":28,"column":78}},"14":{"start":{"line":32,"column":20},"end":{"line":32,"column":36}},"15":{"start":{"line":36,"column":16},"end":{"line":62,"column":17}},"16":{"start":{"line":36,"column":29},"end":{"line":36,"column":30}},"17":{"start":{"line":37,"column":40},"end":{"line":37,"column":66}},"18":{"start":{"line":39,"column":20},"end":{"line":47,"column":21}},"19":{"start":{"line":40,"column":24},"end":{"line":40,"column":99}},"20":{"start":{"line":41,"column":24},"end":{"line":41,"column":58}},"21":{"start":{"line":46,"column":24},"end":{"line":46,"column":40}},"22":{"start":{"line":50,"column":20},"end":{"line":61,"column":21}},"23":{"start":{"line":50,"column":33},"end":{"line":50,"column":34}},"24":{"start":{"line":51,"column":50},"end":{"line":51,"column":70}},"25":{"start":{"line":53,"column":24},"end":{"line":60,"column":25}},"26":{"start":{"line":54,"column":28},"end":{"line":54,"column":112}},"27":{"start":{"line":55,"column":28},"end":{"line":55,"column":90}},"28":{"start":{"line":59,"column":28},"end":{"line":59,"column":44}},"29":{"start":{"line":67,"column":8},"end":{"line":67,"column":19}},"30":{"start":{"line":71,"column":0},"end":{"line":71,"column":31}},"31":{"start":{"line":72,"column":0},"end":{"line":72,"column":18}}},"fnMap":{"0":{"name":"loadAndPopulate","decl":{"start":{"line":7,"column":15},"end":{"line":7,"column":30}},"loc":{"start":{"line":7,"column":33},"end":{"line":69,"column":1}},"line":7},"1":{"name":"(anonymous_1)","decl":{"start":{"line":17,"column":21},"end":{"line":17,"column":22}},"loc":{"start":{"line":17,"column":33},"end":{"line":64,"column":9}},"line":17}},"branchMap":{},"s":{"0":1,"1":1,"2":1,"3":3,"4":3,"5":3,"6":3,"7":3,"8":3,"9":3,"10":24,"11":24,"12":24,"13":24,"14":24,"15":24,"16":24,"17":54,"18":54,"19":54,"20":54,"21":54,"22":54,"23":54,"24":252,"25":252,"26":252,"27":252,"28":252,"29":3,"30":1,"31":1},"f":{"0":3,"1":3},"b":{},"_coverageSchema":"1a1c01bbd47fc00a2c39e90264f33305004495a9","hash":"9648855e1602ffa796a2a2492593869464088e23"}
}
